<?xml version="1.0" encoding="UTF-8"?>
<!-- Generated by org.testng.reporters.JUnitXMLReporter -->
<testsuite hostname="Asplap1075" ignored="2" name="LoginCheck" tests="1" failures="0" timestamp="28 May 2024 12:45:19 GMT" time="10.937" errors="0">
  <testcase name="createNewPassword" time="1.265" classname="LearnSelnium.test.loginPageValidations"/>
  <testcase name="getForgotPasswordLinkText" time="0.0" classname="LearnSelnium.test.loginPageValidations">
    <ignored/>
  </testcase> <!-- getForgotPasswordLinkText -->
  <testcase name="loginErrorMessage" time="0.0" classname="LearnSelnium.test.loginPageValidations">
    <ignored/>
  </testcase> <!-- loginErrorMessage -->
</testsuite> <!-- LoginCheck -->
