<?xml version="1.0" encoding="UTF-8"?>
<!-- Generated by org.testng.reporters.JUnitXMLReporter -->
<testsuite hostname="Asplap1075" ignored="2" name="OrderCheck" tests="1" failures="0" timestamp="28 May 2024 12:45:20 GMT" time="12.679" errors="0">
  <testcase name="submitOrder" time="3.724" classname="LearnSelnium.test.OrderCheckValidation"/>
  <testcase name="cartPageProductCheck" time="0.0" classname="LearnSelnium.test.OrderCheckValidation">
    <ignored/>
  </testcase> <!-- cartPageProductCheck -->
  <testcase name="orderHistoryValidation" time="0.0" classname="LearnSelnium.test.OrderCheckValidation">
    <ignored/>
  </testcase> <!-- orderHistoryValidation -->
</testsuite> <!-- OrderCheck -->
