<?xml version="1.0" encoding="UTF-8"?>
<!-- Generated by org.testng.reporters.JUnitXMLReporter -->
<testsuite ignored="0" hostname="Asplap1075" failures="1" tests="3" name="LoginCheck" time="32.659" errors="0" timestamp="20 May 2024 10:52:11 GMT">
  <testcase classname="LearnSelnium.test.loginPageValidations" name="createNewPassword" time="1.014"/>
  <testcase classname="LearnSelnium.test.loginPageValidations" name="getForgotPasswordLinkText" time="0.116"/>
  <testcase classname="LearnSelnium.test.loginPageValidations" name="loginErrorMessage" time="0.785">
    <failure type="java.lang.AssertionError" message="expected [Incorrect email or password.1] but found [Incorrect email or password.]">
      <![CDATA[java.lang.AssertionError: expected [Incorrect email or password.1] but found [Incorrect email or password.]
at LearnSelnium.test.loginPageValidations.loginErrorMessage(loginPageValidations.java:24)
at java.base/java.util.concurrent.FutureTask.run(FutureTask.java:264)
at java.base/java.util.concurrent.ThreadPoolExecutor.runWorker(ThreadPoolExecutor.java:1136)
at java.base/java.util.concurrent.ThreadPoolExecutor$Worker.run(ThreadPoolExecutor.java:635)
at java.base/java.lang.Thread.run(Thread.java:833)
... Removed 22 stack frames]]>
    </failure>
  </testcase> <!-- loginErrorMessage -->
</testsuite> <!-- LoginCheck -->
