<?xml version="1.0" encoding="UTF-8"?>
<!-- Generated by org.testng.reporters.JUnitXMLReporter -->
<testsuite ignored="0" hostname="Asplap1075" failures="0" tests="3" name="OrderCheck" time="32.746" errors="0" timestamp="20 May 2024 10:52:12 GMT">
  <testcase classname="LearnSelnium.test.OrderCheckValidation" name="submitOrder" time="3.986"/>
  <testcase classname="LearnSelnium.test.OrderCheckValidation" name="cartPageProductCheck" time="2.278"/>
  <testcase classname="LearnSelnium.test.OrderCheckValidation" name="orderHistoryValidation" time="0.66"/>
</testsuite> <!-- OrderCheck -->
